<?xml version="1.0" encoding="UTF-8"?>
<!-- Generated by org.testng.reporters.JUnitXMLReporter -->
<testsuite ignored="0" hostname="LAPTOP-Q2DTLMEM" failures="0" tests="4" name="TestGroup" time="32.607" errors="0" timestamp="2025-01-15T11:40:53 IST">
  <testcase classname="paralleltesting.program01" name="testMethod1" time="3.521"/>
  <testcase classname="paralleltesting.program01" name="testmethod2" time="13.725"/>
  <testcase classname="paralleltesting.program01" name="testmethod3" time="6.325"/>
  <testcase classname="paralleltesting.program01" name="testmethod4" time="4.384"/>
</testsuite> <!-- TestGroup -->
